<?xml version="1.0" encoding="UTF-8"?>
<!-- Generated by org.testng.reporters.JUnitXMLReporter -->
<testsuite ignored="8" hostname="MSI" failures="0" tests="48" name="OrangeHRM" time="386.211" errors="0" timestamp="2023-03-29T20:49:25 IST">
  <testcase classname="TestCase.LoginTestCases" name="Login_end_to_End" time="11.474"/>
  <testcase classname="TestCase.LoginTestCases" name="verifyLogInvalidCrediantial" time="2.647"/>
  <testcase classname="TestCase.LoginTestCases" name="verifyLogInvalidCrediantial" time="2.193"/>
  <testcase classname="TestCase.LoginTestCases" name="verifyLogInvalidCrediantial" time="2.209"/>
  <testcase classname="TestCase.LoginTestCases" name="verifyLogInvalidCrediantial" time="2.203"/>
  <testcase classname="TestCase.LoginTestCases" name="verifyLogInvalidCrediantial" time="2.647"/>
  <testcase classname="TestCase.LoginTestCases" name="verifyLogInvalidCrediantial" time="2.283"/>
  <testcase classname="TestCase.LoginTestCases" name="verifyLogInvalidCrediantial" time="2.177"/>
  <testcase classname="TestCase.LoginTestCases" name="verifyLogInvalidCrediantial" time="2.255"/>
  <testcase classname="TestCase.LoginTestCases" name="verifyLogWithNullValues" time="0.984"/>
  <testcase classname="TestCase.LoginTestCases" name="verifyLogWithNullValues" time="1.004"/>
  <testcase classname="TestCase.LoginTestCases" name="verifyLogWithNullValues" time="1.017"/>
  <testcase classname="TestCase.LoginTestCases" name="verifyLogWithNullValues" time="0.994"/>
  <testcase classname="TestCase.LoginTestCases" name="verifyLogWithNullValues" time="1.142"/>
  <testcase classname="TestCase.OptionalFieldTestCases" name="optionalAlternetFlow" time="8.352"/>
  <testcase classname="TestCase.OptionalFieldTestCases" name="optionalEndToEndBasicFlow" time="7.339"/>
  <testcase classname="TestCase.ReportingMethodsTestCase" name="deleteAllUnUsedRepots" time="13.296"/>
  <testcase classname="TestCase.ReportingMethodsTestCase" name="reportinMethodAlterFlow" time="17.837"/>
  <testcase classname="TestCase.ReportingMethodsTestCase" name="reportinMethodDataDriven" time="11.772"/>
  <testcase classname="TestCase.ReportingMethodsTestCase" name="reportinMethodDataDriven" time="8.631"/>
  <testcase classname="TestCase.ReportingMethodsTestCase" name="reportinMethodDataDriven" time="9.532"/>
  <testcase classname="TestCase.ReportingMethodsTestCase" name="reportinMethodDataDriven" time="9.011"/>
  <testcase classname="TestCase.ReportingMethodsTestCase" name="reportinMethodDataDriven" time="10.573"/>
  <testcase classname="TestCase.ReportingMethodsTestCase" name="reportinMethodDataDriven" time="8.358"/>
  <testcase classname="TestCase.ReportingMethodsTestCase" name="reportinMethodNotEmpty" time="8.528"/>
  <testcase classname="TestCase.ReportingMethodsTestCase" name="sameReportNames" time="13.47"/>
  <testcase classname="TestCase.TerminationReasonsTestCase" name="deleteAllUnUsedTerminations" time="13.264"/>
  <testcase classname="TestCase.TerminationReasonsTestCase" name="sameReportNames" time="14.142"/>
  <testcase classname="TestCase.TerminationReasonsTestCase" name="terminationDataDriven" time="8.786"/>
  <testcase classname="TestCase.TerminationReasonsTestCase" name="terminationDataDriven" time="8.396"/>
  <testcase classname="TestCase.TerminationReasonsTestCase" name="terminationDataDriven" time="8.811"/>
  <testcase classname="TestCase.TerminationReasonsTestCase" name="terminationDataDriven" time="8.548"/>
  <testcase classname="TestCase.TerminationReasonsTestCase" name="terminationDataDriven" time="9.156"/>
  <testcase classname="TestCase.TerminationReasonsTestCase" name="terminationDataDriven" time="8.781"/>
  <testcase classname="TestCase.TerminationReasonsTestCase" name="terminationDataDriven" time="8.933"/>
  <testcase classname="TestCase.TerminationReasonsTestCase" name="terminationEndToEnd" time="13.182"/>
  <testcase classname="TestCase.TerminationReasonsTestCase" name="terminationNotEmpty" time="8.867"/>
  <testcase classname="TestCase.AddEmployeeTestCases" name="addEmpDataDriven" time="8.08"/>
  <testcase classname="TestCase.AddEmployeeTestCases" name="addEmpDataDriven" time="8.629"/>
  <testcase classname="TestCase.AddEmployeeTestCases" name="addEmpDataDriven" time="7.672"/>
  <testcase classname="TestCase.AddEmployeeTestCases" name="addEmpDataDriven" time="8.427"/>
  <testcase classname="TestCase.AddEmployeeTestCases" name="addEmpDataDriven" time="8.378"/>
  <testcase classname="TestCase.AddEmployeeTestCases" name="addEmpEndToEnd" time="10.224"/>
  <testcase classname="TestCase.AddEmployeeTestCases" name="addEmptyValues" time="7.46"/>
  <testcase classname="TestCase.AddEmployeeTestCases" name="createLoginDetails" time="16.736"/>
  <testcase classname="TestCase.AddEmployeeTestCases" name="deleteMitipleEmp" time="10.119"/>
  <testcase classname="TestCase.AddEmployeeTestCases" name="verifyUserPasswordLessChar" time="5.288"/>
  <testcase classname="TestCase.AddEmployeeTestCases" name="verifyUserPasswordMoreChar" time="17.035"/>
  <testcase classname="utility.BaseClass" name="@AfterTest tear" time="0.0">
    <ignored/>
  </testcase> <!-- @AfterTest tear -->
  <testcase classname="utility.BaseClass" name="@AfterTest tear" time="0.0">
    <ignored/>
  </testcase> <!-- @AfterTest tear -->
  <testcase classname="utility.BaseClass" name="@AfterTest tear" time="0.0">
    <ignored/>
  </testcase> <!-- @AfterTest tear -->
  <testcase classname="utility.BaseClass" name="@AfterTest tear" time="0.0">
    <ignored/>
  </testcase> <!-- @AfterTest tear -->
  <testcase classname="utility.BaseClass" name="@BeforeTest setUp" time="0.0">
    <ignored/>
  </testcase> <!-- @BeforeTest setUp -->
  <testcase classname="utility.BaseClass" name="@BeforeTest setUp" time="0.0">
    <ignored/>
  </testcase> <!-- @BeforeTest setUp -->
  <testcase classname="utility.BaseClass" name="@BeforeTest setUp" time="0.0">
    <ignored/>
  </testcase> <!-- @BeforeTest setUp -->
  <testcase classname="utility.BaseClass" name="@BeforeTest setUp" time="0.0">
    <ignored/>
  </testcase> <!-- @BeforeTest setUp -->
</testsuite> <!-- OrangeHRM -->
