<?xml version="1.0" encoding="UTF-8"?>
<!-- Generated by org.testng.reporters.JUnitXMLReporter -->
<testsuite ignored="0" hostname="MSI" failures="0" tests="11" name="Test" time="157.639" errors="0" timestamp="2023-03-29T17:13:29 IST">
  <testcase classname="TestCase.AddEmployeeTestCases" name="addEmpDataDriven" time="21.626"/>
  <testcase classname="TestCase.AddEmployeeTestCases" name="addEmpDataDriven" time="14.175"/>
  <testcase classname="TestCase.AddEmployeeTestCases" name="addEmpDataDriven" time="9.976"/>
  <testcase classname="TestCase.AddEmployeeTestCases" name="addEmpDataDriven" time="12.314"/>
  <testcase classname="TestCase.AddEmployeeTestCases" name="addEmpDataDriven" time="19.108"/>
  <testcase classname="TestCase.AddEmployeeTestCases" name="addEmpEndToEnd" time="20.91"/>
  <testcase classname="TestCase.AddEmployeeTestCases" name="addEmptyValues" time="8.152"/>
  <testcase classname="TestCase.AddEmployeeTestCases" name="createLoginDetails" time="16.784"/>
  <testcase classname="TestCase.AddEmployeeTestCases" name="deleteMitipleEmp" time="9.745"/>
  <testcase classname="TestCase.AddEmployeeTestCases" name="verifyUserPassword" time="16.605"/>
  <testcase classname="TestCase.AddEmployeeTestCases" name="verifyUserPasswordMoreChar" time="5.303"/>
</testsuite> <!-- Test -->
