<?xml version="1.0" encoding="UTF-8"?>
<!-- Generated by org.testng.reporters.JUnitXMLReporter -->
<testsuite ignored="8" hostname="MSI" failures="0" tests="40" name="OrangeHRM" time="475.571" errors="0" timestamp="2023-04-03T21:34:51 IST">
  <testcase classname="TestCase.LoginTestCases" name="Login_end_to_End" time="33.006"/>
  <testcase classname="TestCase.LoginTestCases" name="verifyLogInvalidCrediantial" time="3.176"/>
  <testcase classname="TestCase.LoginTestCases" name="verifyLogInvalidCrediantial" time="2.804"/>
  <testcase classname="TestCase.LoginTestCases" name="verifyLogInvalidCrediantial" time="4.799"/>
  <testcase classname="TestCase.LoginTestCases" name="verifyLogInvalidCrediantial" time="6.81"/>
  <testcase classname="TestCase.LoginTestCases" name="verifyLogInvalidCrediantial" time="5.353"/>
  <testcase classname="TestCase.LoginTestCases" name="verifyLogWithNullValues" time="1.983"/>
  <testcase classname="TestCase.LoginTestCases" name="verifyLogWithNullValues" time="1.904"/>
  <testcase classname="TestCase.LoginTestCases" name="verifyLogWithNullValues" time="1.726"/>
  <testcase classname="TestCase.OptionalFieldTestCases" name="optionalAlternetFlow" time="17.949"/>
  <testcase classname="TestCase.OptionalFieldTestCases" name="optionalEndToEndBasicFlow" time="15.514"/>
  <testcase classname="TestCase.ReportingMethodsTestCase" name="deleteAllUnUsedReports" time="23.244"/>
  <testcase classname="TestCase.ReportingMethodsTestCase" name="reportinMethodDataDriven" time="14.155"/>
  <testcase classname="TestCase.ReportingMethodsTestCase" name="reportinMethodDataDriven" time="10.313"/>
  <testcase classname="TestCase.ReportingMethodsTestCase" name="reportinMethodDataDriven" time="15.82"/>
  <testcase classname="TestCase.ReportingMethodsTestCase" name="reportinMethodDataDriven" time="11.947"/>
  <testcase classname="TestCase.ReportingMethodsTestCase" name="reportinMethodDataDriven" time="17.551"/>
  <testcase classname="TestCase.ReportingMethodsTestCase" name="reportingMethodAlterFlow" time="25.62"/>
  <testcase classname="TestCase.ReportingMethodsTestCase" name="reportingMethodNotEmpty" time="13.471"/>
  <testcase classname="TestCase.ReportingMethodsTestCase" name="sameReportNames" time="20.017"/>
  <testcase classname="TestCase.TerminationReasonsTestCase" name="deleteAllUnUsedTerminations" time="14.807"/>
  <testcase classname="TestCase.TerminationReasonsTestCase" name="sameReportNames" time="23.705"/>
  <testcase classname="TestCase.TerminationReasonsTestCase" name="terminationDataDriven" time="9.741"/>
  <testcase classname="TestCase.TerminationReasonsTestCase" name="terminationDataDriven" time="9.613"/>
  <testcase classname="TestCase.TerminationReasonsTestCase" name="terminationDataDriven" time="9.99"/>
  <testcase classname="TestCase.TerminationReasonsTestCase" name="terminationDataDriven" time="9.499"/>
  <testcase classname="TestCase.TerminationReasonsTestCase" name="terminationDataDriven" time="9.544"/>
  <testcase classname="TestCase.TerminationReasonsTestCase" name="terminationEndToEnd" time="14.837"/>
  <testcase classname="TestCase.TerminationReasonsTestCase" name="terminationNotEmpty" time="11.248"/>
  <testcase classname="TestCase.AddEmployeeTestCases" name="addEmpDataDriven" time="9.172"/>
  <testcase classname="TestCase.AddEmployeeTestCases" name="addEmpDataDriven" time="8.637"/>
  <testcase classname="TestCase.AddEmployeeTestCases" name="addEmpDataDriven" time="10.953"/>
  <testcase classname="TestCase.AddEmployeeTestCases" name="addEmpDataDriven" time="10.401"/>
  <testcase classname="TestCase.AddEmployeeTestCases" name="addEmpDataDriven" time="9.471"/>
  <testcase classname="TestCase.AddEmployeeTestCases" name="addEmpEndToEnd" time="11.092"/>
  <testcase classname="TestCase.AddEmployeeTestCases" name="addEmptyValues" time="8.473"/>
  <testcase classname="TestCase.AddEmployeeTestCases" name="createLoginDetails" time="17.278"/>
  <testcase classname="TestCase.AddEmployeeTestCases" name="deleteMitipleEmp" time="11.226"/>
  <testcase classname="TestCase.AddEmployeeTestCases" name="verifyUserPasswordLessChar" time="5.765"/>
  <testcase classname="TestCase.AddEmployeeTestCases" name="verifyUserPasswordMoreChar" time="6.76"/>
  <testcase classname="utility.BaseClass" name="@AfterTest tear" time="0.0">
    <ignored/>
  </testcase> <!-- @AfterTest tear -->
  <testcase classname="utility.BaseClass" name="@AfterTest tear" time="0.0">
    <ignored/>
  </testcase> <!-- @AfterTest tear -->
  <testcase classname="utility.BaseClass" name="@AfterTest tear" time="0.0">
    <ignored/>
  </testcase> <!-- @AfterTest tear -->
  <testcase classname="utility.BaseClass" name="@AfterTest tear" time="0.0">
    <ignored/>
  </testcase> <!-- @AfterTest tear -->
  <testcase classname="utility.BaseClass" name="@BeforeTest setUp" time="0.0">
    <ignored/>
  </testcase> <!-- @BeforeTest setUp -->
  <testcase classname="utility.BaseClass" name="@BeforeTest setUp" time="0.0">
    <ignored/>
  </testcase> <!-- @BeforeTest setUp -->
  <testcase classname="utility.BaseClass" name="@BeforeTest setUp" time="0.0">
    <ignored/>
  </testcase> <!-- @BeforeTest setUp -->
  <testcase classname="utility.BaseClass" name="@BeforeTest setUp" time="0.0">
    <ignored/>
  </testcase> <!-- @BeforeTest setUp -->
</testsuite> <!-- OrangeHRM -->
